<?xml version="1.0" encoding="UTF-8"?>
<!-- Generated by org.testng.reporters.JUnitXMLReporter -->
<testsuite ignored="0" hostname="LAPTOP-0M1LMKLU" failures="0" tests="5" name="Default test" time="1.682" errors="0" timestamp="12 Apr 2023 20:31:53 GMT">
  <testcase classname="com.api.tests.TestAPIScript" name="ValidateStatusCodeGetUsers" time="0.802"/>
  <testcase classname="com.api.tests.TestAPIScript" name="ValidateStatusCodeGetUsersHeaders" time="0.195"/>
  <testcase classname="com.api.tests.TestAPIScript" name="ValidateStatusCodeGetUsersQueryParam" time="0.124"/>
  <testcase classname="com.api.tests.TestAPIScript" name="ValidateStatusCodeGetUsersResponseBody" time="0.36"/>
  <testcase classname="com.api.tests.TestAPIScript" name="ValidateStatusCodePathParams" time="0.181"/>
</testsuite> <!-- Default test -->
